<?xml version="1.0" encoding="UTF-8"?>
<!-- Generated by org.testng.reporters.JUnitReportReporter -->
<testsuite hostname="DESKTOP-9RQ6LUN" failures="0" tests="1" name="practice.TestCaseTest" time="42.124" errors="0" timestamp="2020-01-29T02:20:23 GMT+05:30" skipped="0">
  <testcase classname="practice.TestCaseTest" name="testcaseTest" time="42.124"/>
</testsuite> <!-- practice.TestCaseTest -->
